Using pre-set license
Built from '2022.3/release' branch; Version is '2022.3.5f1 (9674261d40ee) revision 9860134'; Using compiler version '192829333'; Build Type 'Release'
OS: 'Windows 11  (10.0.22621) 64bit Core' Language: 'en' Physical Memory: 11679 MB
BatchMode: 1, IsHumanControllingUs: 0, StartBugReporterOnCrash: 0, Is64bit: 1, IsPro: 1

COMMAND LINE ARGUMENTS:
C:\Program Files\Unity\Hub\Editor\2022.3.5f1\Editor\Unity.exe
-adb2
-batchMode
-noUpm
-name
AssetImportWorker5
-projectPath
C:/Users/Elias/Documents/GitHub/08-lightingsound-angeltypes
-logFile
Logs/AssetImportWorker5.log
-srvPort
50736
Successfully changed project path to: C:/Users/Elias/Documents/GitHub/08-lightingsound-angeltypes
C:/Users/Elias/Documents/GitHub/08-lightingsound-angeltypes
[UnityMemory] Configuration Parameters - Can be set up in boot.config
    "memorysetup-bucket-allocator-granularity=16"
    "memorysetup-bucket-allocator-bucket-count=8"
    "memorysetup-bucket-allocator-block-size=33554432"
    "memorysetup-bucket-allocator-block-count=8"
    "memorysetup-main-allocator-block-size=16777216"
    "memorysetup-thread-allocator-block-size=16777216"
    "memorysetup-gfx-main-allocator-block-size=16777216"
    "memorysetup-gfx-thread-allocator-block-size=16777216"
    "memorysetup-cache-allocator-block-size=4194304"
    "memorysetup-typetree-allocator-block-size=2097152"
    "memorysetup-profiler-bucket-allocator-granularity=16"
    "memorysetup-profiler-bucket-allocator-bucket-count=8"
    "memorysetup-profiler-bucket-allocator-block-size=33554432"
    "memorysetup-profiler-bucket-allocator-block-count=8"
    "memorysetup-profiler-allocator-block-size=16777216"
    "memorysetup-profiler-editor-allocator-block-size=1048576"
    "memorysetup-temp-allocator-size-main=16777216"
    "memorysetup-job-temp-allocator-block-size=2097152"
    "memorysetup-job-temp-allocator-block-size-background=1048576"
    "memorysetup-job-temp-allocator-reduction-small-platforms=262144"
    "memorysetup-allocator-temp-initial-block-size-main=262144"
    "memorysetup-allocator-temp-initial-block-size-worker=262144"
    "memorysetup-temp-allocator-size-background-worker=32768"
    "memorysetup-temp-allocator-size-job-worker=262144"
    "memorysetup-temp-allocator-size-preload-manager=33554432"
    "memorysetup-temp-allocator-size-nav-mesh-worker=65536"
    "memorysetup-temp-allocator-size-audio-worker=65536"
    "memorysetup-temp-allocator-size-cloud-worker=32768"
    "memorysetup-temp-allocator-size-gi-baking-worker=262144"
    "memorysetup-temp-allocator-size-gfx=262144"
Player connection [27324] Host "[IP] 10.0.0.232 [Port] 0 [Flags] 2 [Guid] 2809251151 [EditorId] 2809251151 [Version] 1048832 [Id] WindowsEditor(7,LAPTOP-P8M4HN88) [Debug] 1 [PackageName] WindowsEditor [ProjectName] Editor" joined multi-casting on [225.0.0.222:54997]...

Player connection [27324] Host "[IP] 10.0.0.232 [Port] 0 [Flags] 2 [Guid] 2809251151 [EditorId] 2809251151 [Version] 1048832 [Id] WindowsEditor(7,LAPTOP-P8M4HN88) [Debug] 1 [PackageName] WindowsEditor [ProjectName] Editor" joined alternative multi-casting on [225.0.0.222:34997]...

Refreshing native plugins compatible for Editor in 0.99 ms, found 0 plugins.
Preloading 0 native plugins for Editor in 0.00 ms.
Initialize engine version: 2022.3.5f1 (9674261d40ee)
[Subsystems] Discovering subsystems at path C:/Program Files/Unity/Hub/Editor/2022.3.5f1/Editor/Data/Resources/UnitySubsystems
[Subsystems] Discovering subsystems at path C:/Users/Elias/Documents/GitHub/08-lightingsound-angeltypes/Assets
GfxDevice: creating device client; threaded=0; jobified=0
Direct3D:
    Version:  Direct3D 11.0 [level 11.1]
    Renderer: AMD Radeon(TM) Graphics (ID=0x1638)
    Vendor:   ATI
    VRAM:     5839 MB
    Driver:   30.0.15021.11005
Initialize mono
Mono path[0] = 'C:/Program Files/Unity/Hub/Editor/2022.3.5f1/Editor/Data/Managed'
Mono path[1] = 'C:/Program Files/Unity/Hub/Editor/2022.3.5f1/Editor/Data/MonoBleedingEdge/lib/mono/unityjit-win32'
Mono config path = 'C:/Program Files/Unity/Hub/Editor/2022.3.5f1/Editor/Data/MonoBleedingEdge/etc'
Using monoOptions --debugger-agent=transport=dt_socket,embedding=1,server=y,suspend=n,address=127.0.0.1:56176
Begin MonoManager ReloadAssembly
Registering precompiled unity dll's ...
Register platform support module: C:/Program Files/Unity/Hub/Editor/2022.3.5f1/Editor/Data/PlaybackEngines/WebGLSupport/UnityEditor.WebGL.Extensions.dll
Register platform support module: C:/Program Files/Unity/Hub/Editor/2022.3.5f1/Editor/Data/PlaybackEngines/WindowsStandaloneSupport/UnityEditor.WindowsStandalone.Extensions.dll
Registered in 0.007393 seconds.
- Loaded All Assemblies, in  0.276 seconds
Native extension for WindowsStandalone target not found
Native extension for WebGL target not found
Mono: successfully reloaded assembly
- Finished resetting the current domain, in  0.212 seconds
Domain Reload Profiling: 487ms
	BeginReloadAssembly (77ms)
		ExecutionOrderSort (0ms)
		DisableScriptedObjects (0ms)
		BackupInstance (0ms)
		ReleaseScriptingObjects (0ms)
		CreateAndSetChildDomain (1ms)
	RebuildCommonClasses (26ms)
	RebuildNativeTypeToScriptingClass (8ms)
	initialDomainReloadingComplete (51ms)
	LoadAllAssembliesAndSetupDomain (113ms)
		LoadAssemblies (74ms)
		RebuildTransferFunctionScriptingTraits (0ms)
		AnalyzeDomain (107ms)
			TypeCache.Refresh (107ms)
				TypeCache.ScanAssembly (96ms)
			ScanForSourceGeneratedMonoScriptInfo (0ms)
			ResolveRequiredComponents (0ms)
	FinalizeReload (212ms)
		ReleaseScriptCaches (0ms)
		RebuildScriptCaches (0ms)
		SetupLoadedEditorAssemblies (166ms)
			LogAssemblyErrors (0ms)
			InitializePlatformSupportModulesInManaged (9ms)
			SetLoadedEditorAssemblies (4ms)
			RefreshPlugins (0ms)
			BeforeProcessingInitializeOnLoad (2ms)
			ProcessInitializeOnLoadAttributes (111ms)
			ProcessInitializeOnLoadMethodAttributes (40ms)
			AfterProcessingInitializeOnLoad (0ms)
			EditorAssembliesLoaded (0ms)
		ExecutionOrderSort2 (0ms)
		AwakeInstancesAfterBackupRestoration (0ms)
========================================================================
Worker process is ready to serve import requests
Begin MonoManager ReloadAssembly
- Loaded All Assemblies, in  0.387 seconds
Refreshing native plugins compatible for Editor in 0.47 ms, found 0 plugins.
Native extension for WindowsStandalone target not found
Native extension for WebGL target not found
Mono: successfully reloaded assembly
- Finished resetting the current domain, in  0.298 seconds
Domain Reload Profiling: 683ms
	BeginReloadAssembly (107ms)
		ExecutionOrderSort (0ms)
		DisableScriptedObjects (5ms)
		BackupInstance (0ms)
		ReleaseScriptingObjects (0ms)
		CreateAndSetChildDomain (18ms)
	RebuildCommonClasses (26ms)
	RebuildNativeTypeToScriptingClass (8ms)
	initialDomainReloadingComplete (34ms)
	LoadAllAssembliesAndSetupDomain (210ms)
		LoadAssemblies (150ms)
		RebuildTransferFunctionScriptingTraits (0ms)
		AnalyzeDomain (112ms)
			TypeCache.Refresh (106ms)
				TypeCache.ScanAssembly (98ms)
			ScanForSourceGeneratedMonoScriptInfo (4ms)
			ResolveRequiredComponents (2ms)
	FinalizeReload (298ms)
		ReleaseScriptCaches (0ms)
		RebuildScriptCaches (0ms)
		SetupLoadedEditorAssemblies (188ms)
			LogAssemblyErrors (0ms)
			InitializePlatformSupportModulesInManaged (6ms)
			SetLoadedEditorAssemblies (3ms)
			RefreshPlugins (0ms)
			BeforeProcessingInitializeOnLoad (35ms)
			ProcessInitializeOnLoadAttributes (109ms)
			ProcessInitializeOnLoadMethodAttributes (29ms)
			AfterProcessingInitializeOnLoad (6ms)
			EditorAssembliesLoaded (0ms)
		ExecutionOrderSort2 (0ms)
		AwakeInstancesAfterBackupRestoration (8ms)
Launched and connected shader compiler UnityShaderCompiler.exe after 0.04 seconds
Refreshing native plugins compatible for Editor in 0.42 ms, found 0 plugins.
Preloading 0 native plugins for Editor in 0.00 ms.
Unloading 1162 Unused Serialized files (Serialized files now loaded: 0)
Unloading 23 unused Assets / (1.3 MB). Loaded Objects now: 1628.
Memory consumption went from 88.0 MB to 86.8 MB.
Total: 3.074100 ms (FindLiveObjects: 0.106500 ms CreateObjectMapping: 0.048500 ms MarkObjects: 2.487800 ms  DeleteObjects: 0.430500 ms)

AssetImportParameters requested are different than current active one (requested -> active):
  custom:video-encoder-webm-vp8: eb34c28f22e8b96e1ab97ce403110664 -> 
  custom:video-decoder-webm-vp8: 9c59270c3fd7afecdb556c50c9e8de78 -> 
  custom:audio-decoder-ogg-vorbis: bf7c407c2cedff20999df2af8eb42d56 -> 
  custom:container-demuxer-ogg: 62fdf1f143b41e24485cea50d1cbac27 -> 
  custom:AudioImporter_EditorPlatform: d09bf68614088b80899f8185d706f6e7 -> 
  custom:CustomObjectIndexerAttribute: 756ad292c208cfabdd7b50bc23989ffe -> 
  custom:container-demuxer-webm: 4f35f7cbe854078d1ac9338744f61a02 -> 
  custom:video-decoder-ogg-theora: a1e56fd34408186e4bbccfd4996cb3dc -> 
  custom:audio-encoder-webm-vorbis: bf7c407c2cedff20999df2af8eb42d56 -> 
  custom:framework-win-MediaFoundation: 216162199b28c13a410421893ffa2e32 -> 
  custom:container-muxer-webm: aa71ff27fc2769a1b78a27578f13a17b -> 
========================================================================
Received Import Request.
  Time since last request: 1746646.946714 seconds.
  path: Assets/Textures/floor12.tga
  artifactKey: Guid(5aaa434b937974d58a0197115fe63c56) Importer(815301076,1909f56bfc062723c751e8b465ee728b)
Start importing Assets/Textures/floor12.tga using Guid(5aaa434b937974d58a0197115fe63c56) Importer(815301076,1909f56bfc062723c751e8b465ee728b)  -> (artifact id: '091991180e1267959cc183acc21dbcfa') in 0.064115 seconds
Number of updated asset objects reloaded before import = 0
Number of asset objects unloaded after import = 2
========================================================================
Received Import Request.
  Time since last request: 1.096949 seconds.
  path: Assets/Fantasy Skybox FREE/Cubemaps/Classic/FS000_Day_02_Sunless.png
  artifactKey: Guid(a12ea62fd952d57439f49b6287da4762) Importer(815301076,1909f56bfc062723c751e8b465ee728b)
Start importing Assets/Fantasy Skybox FREE/Cubemaps/Classic/FS000_Day_02_Sunless.png using Guid(a12ea62fd952d57439f49b6287da4762) Importer(815301076,1909f56bfc062723c751e8b465ee728b)  -> (artifact id: 'b884eb71f0036495a704c2c4fc33198a') in 0.090914 seconds
Number of updated asset objects reloaded before import = 0
Number of asset objects unloaded after import = 1
========================================================================
Received Import Request.
  Time since last request: 0.000045 seconds.
  path: Assets/Fantasy Skybox FREE/Cubemaps/Classic/FS000_Night_03_Moonless.png
  artifactKey: Guid(72dbfaf2e11e92744a2ff15822b9079f) Importer(815301076,1909f56bfc062723c751e8b465ee728b)
Start importing Assets/Fantasy Skybox FREE/Cubemaps/Classic/FS000_Night_03_Moonless.png using Guid(72dbfaf2e11e92744a2ff15822b9079f) Importer(815301076,1909f56bfc062723c751e8b465ee728b)  -> (artifact id: '8893823855a4d3d8cb3cd333fb65d3d7') in 0.034771 seconds
Number of updated asset objects reloaded before import = 0
Number of asset objects unloaded after import = 1
========================================================================
Received Import Request.
  Time since last request: 0.000032 seconds.
  path: Assets/Fantasy Skybox FREE/Cubemaps/Classic/FS000_Night_01.png
  artifactKey: Guid(a64d2362d418d194f91274685fb10faf) Importer(815301076,1909f56bfc062723c751e8b465ee728b)
Start importing Assets/Fantasy Skybox FREE/Cubemaps/Classic/FS000_Night_01.png using Guid(a64d2362d418d194f91274685fb10faf) Importer(815301076,1909f56bfc062723c751e8b465ee728b)  -> (artifact id: '6d99786086383db0a52becaeb0164886') in 0.037706 seconds
Number of updated asset objects reloaded before import = 0
Number of asset objects unloaded after import = 1
========================================================================
Received Import Request.
  Time since last request: 0.000015 seconds.
  path: Assets/Fantasy Skybox FREE/Cubemaps/FS002/Images/FS002_Day_Cubemap_back.png
  artifactKey: Guid(ceb380b2cee94b64ca5f68c23e9cc957) Importer(815301076,1909f56bfc062723c751e8b465ee728b)
Start importing Assets/Fantasy Skybox FREE/Cubemaps/FS002/Images/FS002_Day_Cubemap_back.png using Guid(ceb380b2cee94b64ca5f68c23e9cc957) Importer(815301076,1909f56bfc062723c751e8b465ee728b)  -> (artifact id: '02feaf87ff3fb1fb5ccd3c8dc4c42e40') in 0.019775 seconds
Number of updated asset objects reloaded before import = 0
Number of asset objects unloaded after import = 2
========================================================================
Received Import Request.
  Time since last request: 0.000020 seconds.
  path: Assets/Fantasy Skybox FREE/Cubemaps/FS002/Images/FS002_Sunset_Cubemap_right.png
  artifactKey: Guid(66d7c927b0f788d4fb3a1c12b15fdcb5) Importer(815301076,1909f56bfc062723c751e8b465ee728b)
Start importing Assets/Fantasy Skybox FREE/Cubemaps/FS002/Images/FS002_Sunset_Cubemap_right.png using Guid(66d7c927b0f788d4fb3a1c12b15fdcb5) Importer(815301076,1909f56bfc062723c751e8b465ee728b)  -> (artifact id: '0c7be1124e4e399a7afaca63f1ff4b0c') in 0.017969 seconds
Number of updated asset objects reloaded before import = 0
Number of asset objects unloaded after import = 2
========================================================================
Received Import Request.
  Time since last request: 0.000019 seconds.
  path: Assets/Fantasy Skybox FREE/Cubemaps/Classic/FS000_Night_01_Moonless.png
  artifactKey: Guid(ac8a32e5107b67a47939926c52798a2b) Importer(815301076,1909f56bfc062723c751e8b465ee728b)
Start importing Assets/Fantasy Skybox FREE/Cubemaps/Classic/FS000_Night_01_Moonless.png using Guid(ac8a32e5107b67a47939926c52798a2b) Importer(815301076,1909f56bfc062723c751e8b465ee728b)  -> (artifact id: '368693ff346da849516dc644944665e3') in 0.030513 seconds
Number of updated asset objects reloaded before import = 0
Number of asset objects unloaded after import = 1
========================================================================
Received Import Request.
  Time since last request: 0.000035 seconds.
  path: Assets/Fantasy Skybox FREE/Cubemaps/Classic/FS000_Day_05_Sunless.png
  artifactKey: Guid(33762238fbd938c4c97707195d7e97e2) Importer(815301076,1909f56bfc062723c751e8b465ee728b)
Start importing Assets/Fantasy Skybox FREE/Cubemaps/Classic/FS000_Day_05_Sunless.png using Guid(33762238fbd938c4c97707195d7e97e2) Importer(815301076,1909f56bfc062723c751e8b465ee728b)  -> (artifact id: '4d9526bb81067c3169237cb18d9e9567') in 0.032989 seconds
Number of updated asset objects reloaded before import = 0
Number of asset objects unloaded after import = 1
========================================================================
Received Import Request.
  Time since last request: 0.000033 seconds.
  path: Assets/Fantasy Skybox FREE/Cubemaps/FS003/Images/FS003_Day_Cubemap_down.png
  artifactKey: Guid(3eba882489794394480a0e3fc9f25117) Importer(815301076,1909f56bfc062723c751e8b465ee728b)
Start importing Assets/Fantasy Skybox FREE/Cubemaps/FS003/Images/FS003_Day_Cubemap_down.png using Guid(3eba882489794394480a0e3fc9f25117) Importer(815301076,1909f56bfc062723c751e8b465ee728b)  -> (artifact id: '86799efbb574f1655263b187f0ad8444') in 0.024213 seconds
Number of updated asset objects reloaded before import = 0
Number of asset objects unloaded after import = 2
========================================================================
Received Import Request.
  Time since last request: 0.000017 seconds.
  path: Assets/Fantasy Skybox FREE/Cubemaps/FS013/Images/FS013_Day_Cubemap_right.png
  artifactKey: Guid(e4f3a493b7f435a4d847b7a0f2d6427a) Importer(815301076,1909f56bfc062723c751e8b465ee728b)
Start importing Assets/Fantasy Skybox FREE/Cubemaps/FS013/Images/FS013_Day_Cubemap_right.png using Guid(e4f3a493b7f435a4d847b7a0f2d6427a) Importer(815301076,1909f56bfc062723c751e8b465ee728b)  -> (artifact id: '852c2847d728fb249f871270b6496bbf') in 0.018582 seconds
Number of updated asset objects reloaded before import = 0
Number of asset objects unloaded after import = 2
========================================================================
Received Import Request.
  Time since last request: 0.000024 seconds.
  path: Assets/Fantasy Skybox FREE/Panoramics/FS013/FS013_Day_Sunless.png
  artifactKey: Guid(20f8339484595a64b81579493040f0a0) Importer(815301076,1909f56bfc062723c751e8b465ee728b)
Start importing Assets/Fantasy Skybox FREE/Panoramics/FS013/FS013_Day_Sunless.png using Guid(20f8339484595a64b81579493040f0a0) Importer(815301076,1909f56bfc062723c751e8b465ee728b)  -> (artifact id: '8cbd8fa41ef3305c16397369ac293a7b') in 0.026964 seconds
Number of updated asset objects reloaded before import = 0
Number of asset objects unloaded after import = 2
========================================================================
Received Import Request.
  Time since last request: 0.000023 seconds.
  path: Assets/Fantasy Skybox FREE/Cubemaps/FS003/Images/FS003_Day_Cubemap.cubemap
  artifactKey: Guid(8fa4fedf13c1a8a44904553ecc5b5a1d) Importer(815301076,1909f56bfc062723c751e8b465ee728b)
Start importing Assets/Fantasy Skybox FREE/Cubemaps/FS003/Images/FS003_Day_Cubemap.cubemap using Guid(8fa4fedf13c1a8a44904553ecc5b5a1d) Importer(815301076,1909f56bfc062723c751e8b465ee728b)  -> (artifact id: 'af14079f1523a820285aaf8f61113b77') in 0.277540 seconds
Number of updated asset objects reloaded before import = 0
Number of asset objects unloaded after import = 1
========================================================================
Received Import Request.
  Time since last request: 0.000041 seconds.
  path: Assets/Fantasy Skybox FREE/Cubemaps/FS013/Images/FS013_Sunrise_Cubemap_back.png
  artifactKey: Guid(8328d7c40f1d37140b95d0d9f4d7111f) Importer(815301076,1909f56bfc062723c751e8b465ee728b)
Start importing Assets/Fantasy Skybox FREE/Cubemaps/FS013/Images/FS013_Sunrise_Cubemap_back.png using Guid(8328d7c40f1d37140b95d0d9f4d7111f) Importer(815301076,1909f56bfc062723c751e8b465ee728b)  -> (artifact id: '37cec589bcd74e70dd12e475e5464999') in 0.038820 seconds
Number of updated asset objects reloaded before import = 0
Number of asset objects unloaded after import = 2
========================================================================
Received Import Request.
  Time since last request: 0.000038 seconds.
  path: Assets/Fantasy Skybox FREE/Cubemaps/FS013/Images/FS013_Sunrise_Cubemap_front.png
  artifactKey: Guid(b0d6abfddcb6a8541a661c6dfd16b6c0) Importer(815301076,1909f56bfc062723c751e8b465ee728b)
Start importing Assets/Fantasy Skybox FREE/Cubemaps/FS013/Images/FS013_Sunrise_Cubemap_front.png using Guid(b0d6abfddcb6a8541a661c6dfd16b6c0) Importer(815301076,1909f56bfc062723c751e8b465ee728b)  -> (artifact id: 'c45f4404c2805bec27b7e284bd5615f0') in 0.044868 seconds
Number of updated asset objects reloaded before import = 0
Number of asset objects unloaded after import = 2
========================================================================
Received Import Request.
  Time since last request: 0.000017 seconds.
  path: Assets/Fantasy Skybox FREE/Cubemaps/FS013/Images/FS013_Snowy_Cubemap_front.png
  artifactKey: Guid(d15a4dba1843ace47a183b0b039dab58) Importer(815301076,1909f56bfc062723c751e8b465ee728b)
Start importing Assets/Fantasy Skybox FREE/Cubemaps/FS013/Images/FS013_Snowy_Cubemap_front.png using Guid(d15a4dba1843ace47a183b0b039dab58) Importer(815301076,1909f56bfc062723c751e8b465ee728b)  -> (artifact id: '36c572ba3dbec140c650fcf372a5a6dc') in 0.020008 seconds
Number of updated asset objects reloaded before import = 0
Number of asset objects unloaded after import = 2
========================================================================
Received Import Request.
  Time since last request: 0.000018 seconds.
  path: Assets/Fantasy Skybox FREE/Cubemaps/FS013/Images/FS013_Snowy_Cubemap.cubemap
  artifactKey: Guid(467e99ebe4fb3364fb42faadeb1d8ea1) Importer(815301076,1909f56bfc062723c751e8b465ee728b)
Start importing Assets/Fantasy Skybox FREE/Cubemaps/FS013/Images/FS013_Snowy_Cubemap.cubemap using Guid(467e99ebe4fb3364fb42faadeb1d8ea1) Importer(815301076,1909f56bfc062723c751e8b465ee728b)  -> (artifact id: '7e4e8b385477c8489ebffde97c7cc80e') in 0.216504 seconds
Number of updated asset objects reloaded before import = 0
Number of asset objects unloaded after import = 1
========================================================================
Received Import Request.
  Time since last request: 0.141214 seconds.
  path: Assets/Fantasy Skybox FREE/Cubemaps/FS013/Images/FS013_Rainy_Cubemap_front.png
  artifactKey: Guid(546927bee9aa28046a0cca5cafdd4157) Importer(815301076,1909f56bfc062723c751e8b465ee728b)
Start importing Assets/Fantasy Skybox FREE/Cubemaps/FS013/Images/FS013_Rainy_Cubemap_front.png using Guid(546927bee9aa28046a0cca5cafdd4157) Importer(815301076,1909f56bfc062723c751e8b465ee728b)  -> (artifact id: '5d170c69232abc728a48d95b65a845fd') in 0.022735 seconds
Number of updated asset objects reloaded before import = 0
Number of asset objects unloaded after import = 2
========================================================================
Received Import Request.
  Time since last request: 0.000024 seconds.
  path: Assets/Fantasy Skybox FREE/Cubemaps/FS013/Images/FS013_Rainy_Cubemap_left.png
  artifactKey: Guid(e1484742f0675af4b8d27b842504d109) Importer(815301076,1909f56bfc062723c751e8b465ee728b)
Start importing Assets/Fantasy Skybox FREE/Cubemaps/FS013/Images/FS013_Rainy_Cubemap_left.png using Guid(e1484742f0675af4b8d27b842504d109) Importer(815301076,1909f56bfc062723c751e8b465ee728b)  -> (artifact id: '37536f95f771749896c331789c74bf80') in 0.016642 seconds
Number of updated asset objects reloaded before import = 0
Number of asset objects unloaded after import = 2
========================================================================
Received Import Request.
  Time since last request: 0.000018 seconds.
  path: Assets/Fantasy Skybox FREE/Cubemaps/FS013/Images/FS013_Night_Moonless_Cubemap_left.png
  artifactKey: Guid(34bbb14e132afdf4490caf801157541c) Importer(815301076,1909f56bfc062723c751e8b465ee728b)
Start importing Assets/Fantasy Skybox FREE/Cubemaps/FS013/Images/FS013_Night_Moonless_Cubemap_left.png using Guid(34bbb14e132afdf4490caf801157541c) Importer(815301076,1909f56bfc062723c751e8b465ee728b)  -> (artifact id: '253abb7b9cad6e1426dc858b573aaf43') in 0.016838 seconds
Number of updated asset objects reloaded before import = 0
Number of asset objects unloaded after import = 2
========================================================================
Received Import Request.
  Time since last request: 0.000017 seconds.
  path: Assets/Fantasy Skybox FREE/Panoramics/FS013/FS013_Rainy.png
  artifactKey: Guid(f5aa48695cf2eae40a79ff8630af2aef) Importer(815301076,1909f56bfc062723c751e8b465ee728b)
Start importing Assets/Fantasy Skybox FREE/Panoramics/FS013/FS013_Rainy.png using Guid(f5aa48695cf2eae40a79ff8630af2aef) Importer(815301076,1909f56bfc062723c751e8b465ee728b)  -> (artifact id: 'aa6d689fffa5f1319ad3c267bde4f6ee') in 0.017729 seconds
Number of updated asset objects reloaded before import = 0
Number of asset objects unloaded after import = 2
========================================================================
Received Import Request.
  Time since last request: 0.070257 seconds.
  path: Assets/Fantasy Skybox FREE/Cubemaps/FS003/Images/FS003_Night_Cubemap_back.png
  artifactKey: Guid(e0542c8851c689547bb3a6f78e9b5845) Importer(815301076,1909f56bfc062723c751e8b465ee728b)
Start importing Assets/Fantasy Skybox FREE/Cubemaps/FS003/Images/FS003_Night_Cubemap_back.png using Guid(e0542c8851c689547bb3a6f78e9b5845) Importer(815301076,1909f56bfc062723c751e8b465ee728b)  -> (artifact id: 'a3eabd19fe7fcca4bcce0bd6a3950897') in 0.017774 seconds
Number of updated asset objects reloaded before import = 0
Number of asset objects unloaded after import = 2
========================================================================
Received Import Request.
  Time since last request: 0.000017 seconds.
  path: Assets/Fantasy Skybox FREE/Panoramics/FS003/FS003_Night_Moonless.png
  artifactKey: Guid(6185794ad33085a4a9f8446781cb8f15) Importer(815301076,1909f56bfc062723c751e8b465ee728b)
Start importing Assets/Fantasy Skybox FREE/Panoramics/FS003/FS003_Night_Moonless.png using Guid(6185794ad33085a4a9f8446781cb8f15) Importer(815301076,1909f56bfc062723c751e8b465ee728b)  -> (artifact id: 'cd45d7f4899686d9636c8de797c4d7ab') in 0.022652 seconds
Number of updated asset objects reloaded before import = 0
Number of asset objects unloaded after import = 2
========================================================================
Received Import Request.
  Time since last request: 0.000041 seconds.
  path: Assets/Fantasy Skybox FREE/Cubemaps/FS003/Images/FS003_Night_Cubemap_right.png
  artifactKey: Guid(ac106a3e54a514c45ba9ad57942afcfe) Importer(815301076,1909f56bfc062723c751e8b465ee728b)
Start importing Assets/Fantasy Skybox FREE/Cubemaps/FS003/Images/FS003_Night_Cubemap_right.png using Guid(ac106a3e54a514c45ba9ad57942afcfe) Importer(815301076,1909f56bfc062723c751e8b465ee728b)  -> (artifact id: 'd2030abfbd15a58012a9f745b5d6722b') in 0.021329 seconds
Number of updated asset objects reloaded before import = 0
Number of asset objects unloaded after import = 2
========================================================================
Received Import Request.
  Time since last request: 0.000041 seconds.
  path: Assets/Fantasy Skybox FREE/Cubemaps/FS003/Images/FS003_Night_Cubemap_left.png
  artifactKey: Guid(32755347f2e8a44479cdb0df5bbed6d4) Importer(815301076,1909f56bfc062723c751e8b465ee728b)
Start importing Assets/Fantasy Skybox FREE/Cubemaps/FS003/Images/FS003_Night_Cubemap_left.png using Guid(32755347f2e8a44479cdb0df5bbed6d4) Importer(815301076,1909f56bfc062723c751e8b465ee728b)  -> (artifact id: 'e5e0a6b36eee96be6c1a64a0ed688dc8') in 0.023981 seconds
Number of updated asset objects reloaded before import = 0
Number of asset objects unloaded after import = 2
========================================================================
Received Import Request.
  Time since last request: 0.000037 seconds.
  path: Assets/Fantasy Skybox FREE/Cubemaps/FS003/Images/FS003_Night_Cubemap_down.png
  artifactKey: Guid(b1640b8d29bde89459ccc716a7109c0f) Importer(815301076,1909f56bfc062723c751e8b465ee728b)
Start importing Assets/Fantasy Skybox FREE/Cubemaps/FS003/Images/FS003_Night_Cubemap_down.png using Guid(b1640b8d29bde89459ccc716a7109c0f) Importer(815301076,1909f56bfc062723c751e8b465ee728b)  -> (artifact id: '99180d3c70eeb7dde26d89753dbc2a46') in 0.017645 seconds
Number of updated asset objects reloaded before import = 0
Number of asset objects unloaded after import = 2
========================================================================
Received Import Request.
  Time since last request: 0.000024 seconds.
  path: Assets/Fantasy Skybox FREE/Cubemaps/FS003/Images/FS003_Night_Cubemap_front.png
  artifactKey: Guid(99cfb9c227fe67048851a5a2b3ca4a69) Importer(815301076,1909f56bfc062723c751e8b465ee728b)
Start importing Assets/Fantasy Skybox FREE/Cubemaps/FS003/Images/FS003_Night_Cubemap_front.png using Guid(99cfb9c227fe67048851a5a2b3ca4a69) Importer(815301076,1909f56bfc062723c751e8b465ee728b)  -> (artifact id: 'db13042d40b21e738461332856302ee4') in 0.018419 seconds
Number of updated asset objects reloaded before import = 0
Number of asset objects unloaded after import = 2
========================================================================
Received Import Request.
  Time since last request: 0.262317 seconds.
  path: Assets/Fantasy Skybox FREE/Cubemaps/FS003/Images/FS003_Day_Sunless_Cubemap_right.png
  artifactKey: Guid(06d134190fa2eb846bea51f451f1787e) Importer(815301076,1909f56bfc062723c751e8b465ee728b)
Start importing Assets/Fantasy Skybox FREE/Cubemaps/FS003/Images/FS003_Day_Sunless_Cubemap_right.png using Guid(06d134190fa2eb846bea51f451f1787e) Importer(815301076,1909f56bfc062723c751e8b465ee728b)  -> (artifact id: 'c05e0597b60ba9d1b78659cf21ec783b') in 0.024277 seconds
Number of updated asset objects reloaded before import = 0
Number of asset objects unloaded after import = 2
========================================================================
Received Import Request.
  Time since last request: 4.527841 seconds.
  path: Assets/Fantasy Skybox FREE/Cubemaps/FS003/Images/FS003_Night_Moonless_Cubemap_down.png
  artifactKey: Guid(230df26ff15142840883397265e2086f) Importer(815301076,1909f56bfc062723c751e8b465ee728b)
Start importing Assets/Fantasy Skybox FREE/Cubemaps/FS003/Images/FS003_Night_Moonless_Cubemap_down.png using Guid(230df26ff15142840883397265e2086f) Importer(815301076,1909f56bfc062723c751e8b465ee728b)  -> (artifact id: 'acfa7a6bbdfc93cf8fcb6708645cd321') in 0.017178 seconds
Number of updated asset objects reloaded before import = 0
Number of asset objects unloaded after import = 2
========================================================================
Received Import Request.
  Time since last request: 0.000015 seconds.
  path: Assets/Fantasy Skybox FREE/Cubemaps/FS003/Images/FS003_Night_Moonless_Cubemap_right.png
  artifactKey: Guid(e909efe79f40123499bc4c0710242136) Importer(815301076,1909f56bfc062723c751e8b465ee728b)
Start importing Assets/Fantasy Skybox FREE/Cubemaps/FS003/Images/FS003_Night_Moonless_Cubemap_right.png using Guid(e909efe79f40123499bc4c0710242136) Importer(815301076,1909f56bfc062723c751e8b465ee728b)  -> (artifact id: '435fd22dcc2055943b4e9d78ebe98799') in 0.018496 seconds
Number of updated asset objects reloaded before import = 0
Number of asset objects unloaded after import = 2
========================================================================
Received Import Request.
  Time since last request: 0.000020 seconds.
  path: Assets/Fantasy Skybox FREE/Cubemaps/FS003/Images/FS003_Night_Moonless_Cubemap_up.png
  artifactKey: Guid(b5f9d276d27d022429122ae306a99fbb) Importer(815301076,1909f56bfc062723c751e8b465ee728b)
Start importing Assets/Fantasy Skybox FREE/Cubemaps/FS003/Images/FS003_Night_Moonless_Cubemap_up.png using Guid(b5f9d276d27d022429122ae306a99fbb) Importer(815301076,1909f56bfc062723c751e8b465ee728b)  -> (artifact id: 'cf81b311dd82c35beff1c9692ee715b8') in 0.025081 seconds
Number of updated asset objects reloaded before import = 0
Number of asset objects unloaded after import = 2
========================================================================
Received Import Request.
  Time since last request: 0.000027 seconds.
  path: Assets/Fantasy Skybox FREE/Panoramics/FS003/FS003_Rainy.png
  artifactKey: Guid(ad211dc5ae928ef40b568736df2f62b0) Importer(815301076,1909f56bfc062723c751e8b465ee728b)
Start importing Assets/Fantasy Skybox FREE/Panoramics/FS003/FS003_Rainy.png using Guid(ad211dc5ae928ef40b568736df2f62b0) Importer(815301076,1909f56bfc062723c751e8b465ee728b)  -> (artifact id: '345a704bebf1ba425ba610e09918a10f') in 0.022711 seconds
Number of updated asset objects reloaded before import = 0
Number of asset objects unloaded after import = 2
========================================================================
Received Import Request.
  Time since last request: 0.528055 seconds.
  path: Assets/Fantasy Skybox FREE/Cubemaps/FS003/Images/FS003_Rainy_Cubemap_down.png
  artifactKey: Guid(982ca3eb7f121f04ea3f7b2853b95f05) Importer(815301076,1909f56bfc062723c751e8b465ee728b)
Start importing Assets/Fantasy Skybox FREE/Cubemaps/FS003/Images/FS003_Rainy_Cubemap_down.png using Guid(982ca3eb7f121f04ea3f7b2853b95f05) Importer(815301076,1909f56bfc062723c751e8b465ee728b)  -> (artifact id: 'bfe60cee6e3ad2aff5c7acb819586649') in 0.016844 seconds
Number of updated asset objects reloaded before import = 0
Number of asset objects unloaded after import = 2
========================================================================
Received Import Request.
  Time since last request: 0.000017 seconds.
  path: Assets/Fantasy Skybox FREE/Cubemaps/FS003/Images/FS003_Rainy_Cubemap_left.png
  artifactKey: Guid(f1a53ac3fabab2443aa74074f37a0650) Importer(815301076,1909f56bfc062723c751e8b465ee728b)
Start importing Assets/Fantasy Skybox FREE/Cubemaps/FS003/Images/FS003_Rainy_Cubemap_left.png using Guid(f1a53ac3fabab2443aa74074f37a0650) Importer(815301076,1909f56bfc062723c751e8b465ee728b)  -> (artifact id: 'ed55848b855f18b12061249911249488') in 0.021206 seconds
Number of updated asset objects reloaded before import = 0
Number of asset objects unloaded after import = 2
========================================================================
Received Import Request.
  Time since last request: 3.289600 seconds.
  path: Assets/Fantasy Skybox FREE/Cubemaps/FS003/Images/FS003_Snowy_Cubemap_down.png
  artifactKey: Guid(53e565877d91dfb40a84754ec90bc448) Importer(815301076,1909f56bfc062723c751e8b465ee728b)
Start importing Assets/Fantasy Skybox FREE/Cubemaps/FS003/Images/FS003_Snowy_Cubemap_down.png using Guid(53e565877d91dfb40a84754ec90bc448) Importer(815301076,1909f56bfc062723c751e8b465ee728b)  -> (artifact id: 'b5c7a0b973345d38a6313766ecbfc236') in 0.017283 seconds
Number of updated asset objects reloaded before import = 0
Number of asset objects unloaded after import = 2
========================================================================
Received Import Request.
  Time since last request: 0.584485 seconds.
  path: Assets/Fantasy Skybox FREE/Cubemaps/FS003/Images/FS003_Snowy_Cubemap_up.png
  artifactKey: Guid(0d371d958e6fe89419bfb8f6a4cf5ab9) Importer(815301076,1909f56bfc062723c751e8b465ee728b)
Start importing Assets/Fantasy Skybox FREE/Cubemaps/FS003/Images/FS003_Snowy_Cubemap_up.png using Guid(0d371d958e6fe89419bfb8f6a4cf5ab9) Importer(815301076,1909f56bfc062723c751e8b465ee728b)  -> (artifact id: '2b451a58825305346892ae7d43008a76') in 0.021216 seconds
Number of updated asset objects reloaded before import = 0
Number of asset objects unloaded after import = 2
========================================================================
Received Prepare
Begin MonoManager ReloadAssembly
- Loaded All Assemblies, in  0.400 seconds
Refreshing native plugins compatible for Editor in 0.45 ms, found 0 plugins.
Native extension for WindowsStandalone target not found
Native extension for WebGL target not found
Mono: successfully reloaded assembly
- Finished resetting the current domain, in  0.532 seconds
Domain Reload Profiling: 931ms
	BeginReloadAssembly (118ms)
		ExecutionOrderSort (0ms)
		DisableScriptedObjects (5ms)
		BackupInstance (0ms)
		ReleaseScriptingObjects (0ms)
		CreateAndSetChildDomain (26ms)
	RebuildCommonClasses (26ms)
	RebuildNativeTypeToScriptingClass (8ms)
	initialDomainReloadingComplete (26ms)
	LoadAllAssembliesAndSetupDomain (221ms)
		LoadAssemblies (152ms)
		RebuildTransferFunctionScriptingTraits (0ms)
		AnalyzeDomain (121ms)
			TypeCache.Refresh (119ms)
				TypeCache.ScanAssembly (110ms)
			ScanForSourceGeneratedMonoScriptInfo (0ms)
			ResolveRequiredComponents (2ms)
	FinalizeReload (533ms)
		ReleaseScriptCaches (0ms)
		RebuildScriptCaches (0ms)
		SetupLoadedEditorAssemblies (280ms)
			LogAssemblyErrors (0ms)
			InitializePlatformSupportModulesInManaged (8ms)
			SetLoadedEditorAssemblies (5ms)
			RefreshPlugins (0ms)
			BeforeProcessingInitializeOnLoad (54ms)
			ProcessInitializeOnLoadAttributes (162ms)
			ProcessInitializeOnLoadMethodAttributes (42ms)
			AfterProcessingInitializeOnLoad (8ms)
			EditorAssembliesLoaded (0ms)
		ExecutionOrderSort2 (0ms)
		AwakeInstancesAfterBackupRestoration (9ms)
Refreshing native plugins compatible for Editor in 0.60 ms, found 0 plugins.
Preloading 0 native plugins for Editor in 0.00 ms.
Unloading 1115 Unused Serialized files (Serialized files now loaded: 0)
Unloading 18 unused Assets / (1.3 MB). Loaded Objects now: 1667.
Memory consumption went from 81.4 MB to 80.2 MB.
Total: 5.577100 ms (FindLiveObjects: 0.249100 ms CreateObjectMapping: 0.049500 ms MarkObjects: 4.530200 ms  DeleteObjects: 0.746800 ms)

Prepare: number of updated asset objects reloaded= 0
AssetImportParameters requested are different than current active one (requested -> active):
  custom:video-encoder-webm-vp8: eb34c28f22e8b96e1ab97ce403110664 -> 
  custom:video-decoder-webm-vp8: 9c59270c3fd7afecdb556c50c9e8de78 -> 
  custom:audio-decoder-ogg-vorbis: bf7c407c2cedff20999df2af8eb42d56 -> 
  custom:container-demuxer-ogg: 62fdf1f143b41e24485cea50d1cbac27 -> 
  custom:AudioImporter_EditorPlatform: d09bf68614088b80899f8185d706f6e7 -> 
  custom:CustomObjectIndexerAttribute: 756ad292c208cfabdd7b50bc23989ffe -> 
  custom:container-demuxer-webm: 4f35f7cbe854078d1ac9338744f61a02 -> 
  custom:video-decoder-ogg-theora: a1e56fd34408186e4bbccfd4996cb3dc -> 
  custom:audio-encoder-webm-vorbis: bf7c407c2cedff20999df2af8eb42d56 -> 
  custom:framework-win-MediaFoundation: 216162199b28c13a410421893ffa2e32 -> 
  custom:container-muxer-webm: aa71ff27fc2769a1b78a27578f13a17b -> 
========================================================================
Received Import Request.
  Time since last request: 2269.058334 seconds.
  path: Assets/Models/Standard/lower_wall_pillar.fbx
  artifactKey: Guid(21d9fb8923a28458f86f6217132ff4a8) Importer(815301076,1909f56bfc062723c751e8b465ee728b)
Start importing Assets/Models/Standard/lower_wall_pillar.fbx using Guid(21d9fb8923a28458f86f6217132ff4a8) Importer(815301076,1909f56bfc062723c751e8b465ee728b)  -> (artifact id: 'ab1d3180b6b62b3d8aa598aac2f56b16') in 0.351388 seconds
Number of updated asset objects reloaded before import = 0
Number of asset objects unloaded after import = 9
========================================================================
Received Import Request.
  Time since last request: 0.000046 seconds.
  path: Assets/Models/Standard/lower_wall_tile.fbx
  artifactKey: Guid(2c87571c11f7c40a5aca466f1e83243d) Importer(815301076,1909f56bfc062723c751e8b465ee728b)
Start importing Assets/Models/Standard/lower_wall_tile.fbx using Guid(2c87571c11f7c40a5aca466f1e83243d) Importer(815301076,1909f56bfc062723c751e8b465ee728b)  -> (artifact id: '1e722bd679d537f559112b405efcb072') in 0.045798 seconds
Number of updated asset objects reloaded before import = 0
Number of asset objects unloaded after import = 9
========================================================================
Received Import Request.
  Time since last request: 0.000040 seconds.
  path: Assets/Models/Standard/pillar_02.fbx
  artifactKey: Guid(527b36b96fabb4dbcaf623f262601f3d) Importer(815301076,1909f56bfc062723c751e8b465ee728b)
Start importing Assets/Models/Standard/pillar_02.fbx using Guid(527b36b96fabb4dbcaf623f262601f3d) Importer(815301076,1909f56bfc062723c751e8b465ee728b)  -> (artifact id: '47e7d78fd501de02540e6da79d0e5f44') in 0.044726 seconds
Number of updated asset objects reloaded before import = 0
Number of asset objects unloaded after import = 9
========================================================================
Received Import Request.
  Time since last request: 59.491597 seconds.
  path: Assets/Fantasy Skybox FREE/Cubemaps/FS002/Images/FS002_Day_Sunless_Cubemap_down.png
  artifactKey: Guid(53400c1bbe9952c4e8874222bea3d17a) Importer(815301076,1909f56bfc062723c751e8b465ee728b)
Start importing Assets/Fantasy Skybox FREE/Cubemaps/FS002/Images/FS002_Day_Sunless_Cubemap_down.png using Guid(53400c1bbe9952c4e8874222bea3d17a) Importer(815301076,1909f56bfc062723c751e8b465ee728b)  -> (artifact id: '7fec465dcfcc57e8f5d820cc2549f6fe') in 0.022835 seconds
Number of updated asset objects reloaded before import = 0
Number of asset objects unloaded after import = 2
========================================================================
Received Import Request.
  Time since last request: 0.000019 seconds.
  path: Assets/Fantasy Skybox FREE/Cubemaps/FS002/Images/FS002_Day_Sunless_Cubemap_left.png
  artifactKey: Guid(e10543b194b4ea54fabde2e5472ba8de) Importer(815301076,1909f56bfc062723c751e8b465ee728b)
Start importing Assets/Fantasy Skybox FREE/Cubemaps/FS002/Images/FS002_Day_Sunless_Cubemap_left.png using Guid(e10543b194b4ea54fabde2e5472ba8de) Importer(815301076,1909f56bfc062723c751e8b465ee728b)  -> (artifact id: '6120ecdb7d4871ebad219ec8a1a63a6c') in 0.022461 seconds
Number of updated asset objects reloaded before import = 0
Number of asset objects unloaded after import = 2
========================================================================
Received Import Request.
  Time since last request: 0.000044 seconds.
  path: Assets/Fantasy Skybox FREE/Cubemaps/FS002/Images/FS002_Day_Sunless_Cubemap_front.png
  artifactKey: Guid(0409987aaf14d4343bbf0b0e5f9e4dbf) Importer(815301076,1909f56bfc062723c751e8b465ee728b)
Start importing Assets/Fantasy Skybox FREE/Cubemaps/FS002/Images/FS002_Day_Sunless_Cubemap_front.png using Guid(0409987aaf14d4343bbf0b0e5f9e4dbf) Importer(815301076,1909f56bfc062723c751e8b465ee728b)  -> (artifact id: 'c5f6b70fc31ea567892d787533e6cf31') in 0.020110 seconds
Number of updated asset objects reloaded before import = 0
Number of asset objects unloaded after import = 2
========================================================================
Received Import Request.
  Time since last request: 0.427439 seconds.
  path: Assets/Fantasy Skybox FREE/Cubemaps/FS002/Images/FS002_Night_Cubemap_down.png
  artifactKey: Guid(99f1ee3fa7b9cbd4c93ad9cf81a902cd) Importer(815301076,1909f56bfc062723c751e8b465ee728b)
Start importing Assets/Fantasy Skybox FREE/Cubemaps/FS002/Images/FS002_Night_Cubemap_down.png using Guid(99f1ee3fa7b9cbd4c93ad9cf81a902cd) Importer(815301076,1909f56bfc062723c751e8b465ee728b)  -> (artifact id: 'ddba9a5aac48e3ed3704aaa60225b521') in 0.019928 seconds
Number of updated asset objects reloaded before import = 0
Number of asset objects unloaded after import = 2
========================================================================
Received Import Request.
  Time since last request: 0.000017 seconds.
  path: Assets/Fantasy Skybox FREE/Cubemaps/FS002/Images/FS002_Night_Cubemap_right.png
  artifactKey: Guid(c75a63ebdcee1db45b07756a3a2f2350) Importer(815301076,1909f56bfc062723c751e8b465ee728b)
Start importing Assets/Fantasy Skybox FREE/Cubemaps/FS002/Images/FS002_Night_Cubemap_right.png using Guid(c75a63ebdcee1db45b07756a3a2f2350) Importer(815301076,1909f56bfc062723c751e8b465ee728b)  -> (artifact id: 'e4616fecee61b91012c0362ee5835831') in 0.019967 seconds
Number of updated asset objects reloaded before import = 0
Number of asset objects unloaded after import = 2
========================================================================
Received Import Request.
  Time since last request: 0.387449 seconds.
  path: Assets/Fantasy Skybox FREE/Cubemaps/FS002/Images/FS002_Night_Moonless_Cubemap_down.png
  artifactKey: Guid(7882ac1dcab7a194ebe99d7d338c053c) Importer(815301076,1909f56bfc062723c751e8b465ee728b)
Start importing Assets/Fantasy Skybox FREE/Cubemaps/FS002/Images/FS002_Night_Moonless_Cubemap_down.png using Guid(7882ac1dcab7a194ebe99d7d338c053c) Importer(815301076,1909f56bfc062723c751e8b465ee728b)  -> (artifact id: '577e83603d42923eac45fcb43ad32a21') in 0.019439 seconds
Number of updated asset objects reloaded before import = 0
Number of asset objects unloaded after import = 2
========================================================================
Received Import Request.
  Time since last request: 0.000017 seconds.
  path: Assets/Fantasy Skybox FREE/Cubemaps/FS002/Images/FS002_Night_Moonless_Cubemap_left.png
  artifactKey: Guid(8d15536d3f1f2a3489020ddb892aa2cd) Importer(815301076,1909f56bfc062723c751e8b465ee728b)
Start importing Assets/Fantasy Skybox FREE/Cubemaps/FS002/Images/FS002_Night_Moonless_Cubemap_left.png using Guid(8d15536d3f1f2a3489020ddb892aa2cd) Importer(815301076,1909f56bfc062723c751e8b465ee728b)  -> (artifact id: '4638656dfb203a9dd78b423d3f6ca69d') in 0.022732 seconds
Number of updated asset objects reloaded before import = 0
Number of asset objects unloaded after import = 2
========================================================================
Received Import Request.
  Time since last request: 0.000018 seconds.
  path: Assets/Fantasy Skybox FREE/Cubemaps/FS002/Images/FS002_Night_Moonless_Cubemap_front.png
  artifactKey: Guid(4681e222d05fd4347b8525f407bb62b2) Importer(815301076,1909f56bfc062723c751e8b465ee728b)
Start importing Assets/Fantasy Skybox FREE/Cubemaps/FS002/Images/FS002_Night_Moonless_Cubemap_front.png using Guid(4681e222d05fd4347b8525f407bb62b2) Importer(815301076,1909f56bfc062723c751e8b465ee728b)  -> (artifact id: 'ff1508c2e668b7c95d66b8e06f8c6b3d') in 0.026340 seconds
Number of updated asset objects reloaded before import = 0
Number of asset objects unloaded after import = 2
========================================================================
Received Import Request.
  Time since last request: 0.526264 seconds.
  path: Assets/Fantasy Skybox FREE/Cubemaps/FS002/Images/FS002_Rainy_Cubemap_down.png
  artifactKey: Guid(c0718f3f75575524d86b09eb3052e548) Importer(815301076,1909f56bfc062723c751e8b465ee728b)
Start importing Assets/Fantasy Skybox FREE/Cubemaps/FS002/Images/FS002_Rainy_Cubemap_down.png using Guid(c0718f3f75575524d86b09eb3052e548) Importer(815301076,1909f56bfc062723c751e8b465ee728b)  -> (artifact id: 'df71654593c92352bd652a5a3854ad7f') in 0.018900 seconds
Number of updated asset objects reloaded before import = 0
Number of asset objects unloaded after import = 2
========================================================================
Received Import Request.
  Time since last request: 0.000015 seconds.
  path: Assets/Fantasy Skybox FREE/Cubemaps/FS002/Images/FS002_Rainy_Cubemap_front.png
  artifactKey: Guid(bfbb5e11b6214524e9917d9177cecd36) Importer(815301076,1909f56bfc062723c751e8b465ee728b)
Start importing Assets/Fantasy Skybox FREE/Cubemaps/FS002/Images/FS002_Rainy_Cubemap_front.png using Guid(bfbb5e11b6214524e9917d9177cecd36) Importer(815301076,1909f56bfc062723c751e8b465ee728b)  -> (artifact id: '4e6abf11771dad41ef5e39a3fd61c0bf') in 0.020230 seconds
Number of updated asset objects reloaded before import = 0
Number of asset objects unloaded after import = 2
========================================================================
Received Import Request.
  Time since last request: 10.392472 seconds.
  path: Assets/Fantasy Skybox FREE/Cubemaps/FS002/Images/FS002_Snowy_Cubemap_front.png
  artifactKey: Guid(1f486f5feb0d1534197eb4ff4b9bc5ca) Importer(815301076,1909f56bfc062723c751e8b465ee728b)
Start importing Assets/Fantasy Skybox FREE/Cubemaps/FS002/Images/FS002_Snowy_Cubemap_front.png using Guid(1f486f5feb0d1534197eb4ff4b9bc5ca) Importer(815301076,1909f56bfc062723c751e8b465ee728b)  -> (artifact id: '4051310ce03ea1ef8c995ed4d2ed851b') in 0.016213 seconds
Number of updated asset objects reloaded before import = 0
Number of asset objects unloaded after import = 2
========================================================================
Received Import Request.
  Time since last request: 0.000020 seconds.
  path: Assets/Fantasy Skybox FREE/Cubemaps/FS002/Images/FS002_Snowy_Cubemap_right.png
  artifactKey: Guid(dead6ae1c3ae9ac44b05f135de3d58cc) Importer(815301076,1909f56bfc062723c751e8b465ee728b)
Start importing Assets/Fantasy Skybox FREE/Cubemaps/FS002/Images/FS002_Snowy_Cubemap_right.png using Guid(dead6ae1c3ae9ac44b05f135de3d58cc) Importer(815301076,1909f56bfc062723c751e8b465ee728b)  -> (artifact id: 'fbb912fdc0b0ba227f26e295b778a697') in 0.018374 seconds
Number of updated asset objects reloaded before import = 0
Number of asset objects unloaded after import = 2
========================================================================
Received Import Request.
  Time since last request: 0.000024 seconds.
  path: Assets/Fantasy Skybox FREE/Cubemaps/FS002/Images/FS002_Snowy_Cubemap_up.png
  artifactKey: Guid(d8939e90d83381342b380f950e2728fa) Importer(815301076,1909f56bfc062723c751e8b465ee728b)
Start importing Assets/Fantasy Skybox FREE/Cubemaps/FS002/Images/FS002_Snowy_Cubemap_up.png using Guid(d8939e90d83381342b380f950e2728fa) Importer(815301076,1909f56bfc062723c751e8b465ee728b)  -> (artifact id: '3c31a16ccd356e4255aac39d5808b102') in 0.017571 seconds
Number of updated asset objects reloaded before import = 0
Number of asset objects unloaded after import = 2
========================================================================
Received Import Request.
  Time since last request: 0.006316 seconds.
  path: Assets/Fantasy Skybox FREE/Cubemaps/FS002/Images/FS002_Sunrise_Cubemap_back.png
  artifactKey: Guid(b4ccf83220ab6a841a75c3f6ed87b039) Importer(815301076,1909f56bfc062723c751e8b465ee728b)
Start importing Assets/Fantasy Skybox FREE/Cubemaps/FS002/Images/FS002_Sunrise_Cubemap_back.png using Guid(b4ccf83220ab6a841a75c3f6ed87b039) Importer(815301076,1909f56bfc062723c751e8b465ee728b)  -> (artifact id: 'b7e193abdbc405e00923ae117e52dbc2') in 0.037253 seconds
Number of updated asset objects reloaded before import = 0
Number of asset objects unloaded after import = 2
========================================================================
Received Import Request.
  Time since last request: 0.000033 seconds.
  path: Assets/Fantasy Skybox FREE/Cubemaps/FS002/Images/FS002_Sunrise_Cubemap_down.png
  artifactKey: Guid(3ddd9947dcae7c14cb42a3df8d1a5dc6) Importer(815301076,1909f56bfc062723c751e8b465ee728b)
Start importing Assets/Fantasy Skybox FREE/Cubemaps/FS002/Images/FS002_Sunrise_Cubemap_down.png using Guid(3ddd9947dcae7c14cb42a3df8d1a5dc6) Importer(815301076,1909f56bfc062723c751e8b465ee728b)  -> (artifact id: '14b68e0a8684e0b7d25f61563f579a14') in 0.018732 seconds
Number of updated asset objects reloaded before import = 0
Number of asset objects unloaded after import = 2
========================================================================
Received Import Request.
  Time since last request: 0.000028 seconds.
  path: Assets/Fantasy Skybox FREE/Cubemaps/FS002/Images/FS002_Sunrise_Cubemap_front.png
  artifactKey: Guid(3af64c6c8b148e742a850fa606a286b0) Importer(815301076,1909f56bfc062723c751e8b465ee728b)
Start importing Assets/Fantasy Skybox FREE/Cubemaps/FS002/Images/FS002_Sunrise_Cubemap_front.png using Guid(3af64c6c8b148e742a850fa606a286b0) Importer(815301076,1909f56bfc062723c751e8b465ee728b)  -> (artifact id: '7ff7c29c730708c78bfb749017b84667') in 0.030147 seconds
Number of updated asset objects reloaded before import = 0
Number of asset objects unloaded after import = 2
========================================================================
Received Import Request.
  Time since last request: 0.882076 seconds.
  path: Assets/Fantasy Skybox FREE/Cubemaps/FS002/Images/FS002_Sunset_Cubemap_left.png
  artifactKey: Guid(5d277067822490e4fa51534ec7091853) Importer(815301076,1909f56bfc062723c751e8b465ee728b)
Start importing Assets/Fantasy Skybox FREE/Cubemaps/FS002/Images/FS002_Sunset_Cubemap_left.png using Guid(5d277067822490e4fa51534ec7091853) Importer(815301076,1909f56bfc062723c751e8b465ee728b)  -> (artifact id: '08f21ffdfe91b06d78bf55767ab93c7f') in 0.022124 seconds
Number of updated asset objects reloaded before import = 0
Number of asset objects unloaded after import = 2
========================================================================
Received Import Request.
  Time since last request: 1.268536 seconds.
  path: Assets/Fantasy Skybox FREE/Cubemaps/FS003/Images/FS003_Day_Sunless_Cubemap_left.png
  artifactKey: Guid(511b7abba6c662c40a0db075afdeeba7) Importer(815301076,1909f56bfc062723c751e8b465ee728b)
Start importing Assets/Fantasy Skybox FREE/Cubemaps/FS003/Images/FS003_Day_Sunless_Cubemap_left.png using Guid(511b7abba6c662c40a0db075afdeeba7) Importer(815301076,1909f56bfc062723c751e8b465ee728b)  -> (artifact id: 'f415c84328127f43c406ec240a95579d') in 0.018195 seconds
Number of updated asset objects reloaded before import = 0
Number of asset objects unloaded after import = 2
========================================================================
Received Prepare
Begin MonoManager ReloadAssembly
- Loaded All Assemblies, in  0.410 seconds
Refreshing native plugins compatible for Editor in 0.43 ms, found 0 plugins.
Native extension for WindowsStandalone target not found
Native extension for WebGL target not found
Mono: successfully reloaded assembly
- Finished resetting the current domain, in  0.613 seconds
Domain Reload Profiling: 1022ms
	BeginReloadAssembly (112ms)
		ExecutionOrderSort (0ms)
		DisableScriptedObjects (3ms)
		BackupInstance (0ms)
		ReleaseScriptingObjects (0ms)
		CreateAndSetChildDomain (27ms)
	RebuildCommonClasses (27ms)
	RebuildNativeTypeToScriptingClass (8ms)
	initialDomainReloadingComplete (26ms)
	LoadAllAssembliesAndSetupDomain (236ms)
		LoadAssemblies (152ms)
		RebuildTransferFunctionScriptingTraits (0ms)
		AnalyzeDomain (135ms)
			TypeCache.Refresh (134ms)
				TypeCache.ScanAssembly (124ms)
			ScanForSourceGeneratedMonoScriptInfo (0ms)
			ResolveRequiredComponents (2ms)
	FinalizeReload (614ms)
		ReleaseScriptCaches (0ms)
		RebuildScriptCaches (0ms)
		SetupLoadedEditorAssemblies (338ms)
			LogAssemblyErrors (0ms)
			InitializePlatformSupportModulesInManaged (8ms)
			SetLoadedEditorAssemblies (5ms)
			RefreshPlugins (0ms)
			BeforeProcessingInitializeOnLoad (62ms)
			ProcessInitializeOnLoadAttributes (182ms)
			ProcessInitializeOnLoadMethodAttributes (67ms)
			AfterProcessingInitializeOnLoad (12ms)
			EditorAssembliesLoaded (1ms)
		ExecutionOrderSort2 (0ms)
		AwakeInstancesAfterBackupRestoration (12ms)
Refreshing native plugins compatible for Editor in 0.44 ms, found 0 plugins.
Preloading 0 native plugins for Editor in 0.00 ms.
Unloading 1115 Unused Serialized files (Serialized files now loaded: 0)
Unloading 18 unused Assets / (1.3 MB). Loaded Objects now: 1683.
Memory consumption went from 81.6 MB to 80.4 MB.
Total: 6.304100 ms (FindLiveObjects: 0.337400 ms CreateObjectMapping: 0.099800 ms MarkObjects: 5.069400 ms  DeleteObjects: 0.795600 ms)

Prepare: number of updated asset objects reloaded= 0
AssetImportParameters requested are different than current active one (requested -> active):
  custom:video-encoder-webm-vp8: eb34c28f22e8b96e1ab97ce403110664 -> 
  custom:video-decoder-webm-vp8: 9c59270c3fd7afecdb556c50c9e8de78 -> 
  custom:audio-decoder-ogg-vorbis: bf7c407c2cedff20999df2af8eb42d56 -> 
  custom:container-demuxer-ogg: 62fdf1f143b41e24485cea50d1cbac27 -> 
  custom:AudioImporter_EditorPlatform: d09bf68614088b80899f8185d706f6e7 -> 
  custom:CustomObjectIndexerAttribute: 756ad292c208cfabdd7b50bc23989ffe -> 
  custom:container-demuxer-webm: 4f35f7cbe854078d1ac9338744f61a02 -> 
  custom:video-decoder-ogg-theora: a1e56fd34408186e4bbccfd4996cb3dc -> 
  custom:audio-encoder-webm-vorbis: bf7c407c2cedff20999df2af8eb42d56 -> 
  custom:framework-win-MediaFoundation: 216162199b28c13a410421893ffa2e32 -> 
  custom:container-muxer-webm: aa71ff27fc2769a1b78a27578f13a17b -> 
========================================================================
Received Prepare
Begin MonoManager ReloadAssembly
- Loaded All Assemblies, in  0.407 seconds
Refreshing native plugins compatible for Editor in 0.41 ms, found 0 plugins.
Native extension for WindowsStandalone target not found
Native extension for WebGL target not found
Mono: successfully reloaded assembly
- Finished resetting the current domain, in  0.562 seconds
Domain Reload Profiling: 967ms
	BeginReloadAssembly (117ms)
		ExecutionOrderSort (0ms)
		DisableScriptedObjects (4ms)
		BackupInstance (0ms)
		ReleaseScriptingObjects (0ms)
		CreateAndSetChildDomain (23ms)
	RebuildCommonClasses (26ms)
	RebuildNativeTypeToScriptingClass (8ms)
	initialDomainReloadingComplete (26ms)
	LoadAllAssembliesAndSetupDomain (227ms)
		LoadAssemblies (160ms)
		RebuildTransferFunctionScriptingTraits (0ms)
		AnalyzeDomain (126ms)
			TypeCache.Refresh (125ms)
				TypeCache.ScanAssembly (114ms)
			ScanForSourceGeneratedMonoScriptInfo (0ms)
			ResolveRequiredComponents (2ms)
	FinalizeReload (562ms)
		ReleaseScriptCaches (0ms)
		RebuildScriptCaches (0ms)
		SetupLoadedEditorAssemblies (301ms)
			LogAssemblyErrors (0ms)
			InitializePlatformSupportModulesInManaged (10ms)
			SetLoadedEditorAssemblies (6ms)
			RefreshPlugins (0ms)
			BeforeProcessingInitializeOnLoad (54ms)
			ProcessInitializeOnLoadAttributes (181ms)
			ProcessInitializeOnLoadMethodAttributes (42ms)
			AfterProcessingInitializeOnLoad (8ms)
			EditorAssembliesLoaded (0ms)
		ExecutionOrderSort2 (0ms)
		AwakeInstancesAfterBackupRestoration (8ms)
Refreshing native plugins compatible for Editor in 0.77 ms, found 0 plugins.
Preloading 0 native plugins for Editor in 0.00 ms.
Unloading 1116 Unused Serialized files (Serialized files now loaded: 0)
Unloading 18 unused Assets / (1.3 MB). Loaded Objects now: 1686.
Memory consumption went from 81.9 MB to 80.6 MB.
Total: 5.660600 ms (FindLiveObjects: 0.274800 ms CreateObjectMapping: 0.047800 ms MarkObjects: 4.285100 ms  DeleteObjects: 1.051400 ms)

Prepare: number of updated asset objects reloaded= 0
AssetImportParameters requested are different than current active one (requested -> active):
  custom:video-encoder-webm-vp8: eb34c28f22e8b96e1ab97ce403110664 -> 
  custom:video-decoder-webm-vp8: 9c59270c3fd7afecdb556c50c9e8de78 -> 
  custom:audio-decoder-ogg-vorbis: bf7c407c2cedff20999df2af8eb42d56 -> 
  custom:container-demuxer-ogg: 62fdf1f143b41e24485cea50d1cbac27 -> 
  custom:AudioImporter_EditorPlatform: d09bf68614088b80899f8185d706f6e7 -> 
  custom:CustomObjectIndexerAttribute: 756ad292c208cfabdd7b50bc23989ffe -> 
  custom:container-demuxer-webm: 4f35f7cbe854078d1ac9338744f61a02 -> 
  custom:video-decoder-ogg-theora: a1e56fd34408186e4bbccfd4996cb3dc -> 
  custom:audio-encoder-webm-vorbis: bf7c407c2cedff20999df2af8eb42d56 -> 
  custom:framework-win-MediaFoundation: 216162199b28c13a410421893ffa2e32 -> 
  custom:container-muxer-webm: aa71ff27fc2769a1b78a27578f13a17b -> 
========================================================================
Received Import Request.
  Time since last request: 63406.166881 seconds.
  path: Assets/Models/Standard/skull_02.fbx
  artifactKey: Guid(4ee01bb4783c84bf18a252d910b2c196) Importer(815301076,1909f56bfc062723c751e8b465ee728b)
Start importing Assets/Models/Standard/skull_02.fbx using Guid(4ee01bb4783c84bf18a252d910b2c196) Importer(815301076,1909f56bfc062723c751e8b465ee728b)  -> (artifact id: '78c8d7865db13d118b8e77e46f84c60e') in 0.893531 seconds
Number of updated asset objects reloaded before import = 0
Number of asset objects unloaded after import = 9
========================================================================
Received Import Request.
  Time since last request: 0.000085 seconds.
  path: Assets/Models/Standard/wall_corner_convex.fbx
  artifactKey: Guid(ea5789618fa49471798ad19fab9919df) Importer(815301076,1909f56bfc062723c751e8b465ee728b)
Start importing Assets/Models/Standard/wall_corner_convex.fbx using Guid(ea5789618fa49471798ad19fab9919df) Importer(815301076,1909f56bfc062723c751e8b465ee728b)  -> (artifact id: 'b34efe293bf838fb43e4adc954e04527') in 0.122420 seconds
Number of updated asset objects reloaded before import = 0
Number of asset objects unloaded after import = 9
========================================================================
Received Prepare
Begin MonoManager ReloadAssembly
- Loaded All Assemblies, in  1.477 seconds
Refreshing native plugins compatible for Editor in 0.91 ms, found 0 plugins.
Native extension for WindowsStandalone target not found
Native extension for WebGL target not found
Mono: successfully reloaded assembly
- Finished resetting the current domain, in  1.171 seconds
Domain Reload Profiling: 2644ms
	BeginReloadAssembly (358ms)
		ExecutionOrderSort (0ms)
		DisableScriptedObjects (16ms)
		BackupInstance (0ms)
		ReleaseScriptingObjects (0ms)
		CreateAndSetChildDomain (99ms)
	RebuildCommonClasses (82ms)
	RebuildNativeTypeToScriptingClass (26ms)
	initialDomainReloadingComplete (82ms)
	LoadAllAssembliesAndSetupDomain (923ms)
		LoadAssemblies (686ms)
		RebuildTransferFunctionScriptingTraits (0ms)
		AnalyzeDomain (396ms)
			TypeCache.Refresh (386ms)
				TypeCache.ScanAssembly (360ms)
			ScanForSourceGeneratedMonoScriptInfo (6ms)
			ResolveRequiredComponents (4ms)
	FinalizeReload (1172ms)
		ReleaseScriptCaches (0ms)
		RebuildScriptCaches (0ms)
		SetupLoadedEditorAssemblies (571ms)
			LogAssemblyErrors (0ms)
			InitializePlatformSupportModulesInManaged (23ms)
			SetLoadedEditorAssemblies (9ms)
			RefreshPlugins (0ms)
			BeforeProcessingInitializeOnLoad (109ms)
			ProcessInitializeOnLoadAttributes (331ms)
			ProcessInitializeOnLoadMethodAttributes (78ms)
			AfterProcessingInitializeOnLoad (21ms)
			EditorAssembliesLoaded (0ms)
		ExecutionOrderSort2 (0ms)
		AwakeInstancesAfterBackupRestoration (20ms)
Refreshing native plugins compatible for Editor in 0.96 ms, found 0 plugins.
Preloading 0 native plugins for Editor in 0.00 ms.
Unloading 1009 Unused Serialized files (Serialized files now loaded: 0)
Unloading 65 unused Assets / (54.2 KB). Loaded Objects now: 1630.
Memory consumption went from 77.1 MB to 77.1 MB.
Total: 5.946600 ms (FindLiveObjects: 0.173700 ms CreateObjectMapping: 0.050900 ms MarkObjects: 5.487400 ms  DeleteObjects: 0.229600 ms)

Prepare: number of updated asset objects reloaded= 27
AssetImportParameters requested are different than current active one (requested -> active):
  custom:video-encoder-webm-vp8: eb34c28f22e8b96e1ab97ce403110664 -> 
  custom:video-decoder-webm-vp8: 9c59270c3fd7afecdb556c50c9e8de78 -> 
  custom:audio-decoder-ogg-vorbis: bf7c407c2cedff20999df2af8eb42d56 -> 
  custom:container-demuxer-ogg: 62fdf1f143b41e24485cea50d1cbac27 -> 
  custom:AudioImporter_EditorPlatform: d09bf68614088b80899f8185d706f6e7 -> 
  custom:CustomObjectIndexerAttribute: 756ad292c208cfabdd7b50bc23989ffe -> 
  custom:container-demuxer-webm: 4f35f7cbe854078d1ac9338744f61a02 -> 
  custom:video-decoder-ogg-theora: a1e56fd34408186e4bbccfd4996cb3dc -> 
  custom:audio-encoder-webm-vorbis: bf7c407c2cedff20999df2af8eb42d56 -> 
  custom:framework-win-MediaFoundation: 216162199b28c13a410421893ffa2e32 -> 
  custom:container-muxer-webm: aa71ff27fc2769a1b78a27578f13a17b -> 
========================================================================
Received Prepare
Begin MonoManager ReloadAssembly
- Loaded All Assemblies, in  1.069 seconds
Refreshing native plugins compatible for Editor in 1.01 ms, found 0 plugins.
Native extension for WindowsStandalone target not found
Native extension for WebGL target not found
Mono: successfully reloaded assembly
- Finished resetting the current domain, in  1.053 seconds
Domain Reload Profiling: 2117ms
	BeginReloadAssembly (316ms)
		ExecutionOrderSort (0ms)
		DisableScriptedObjects (12ms)
		BackupInstance (0ms)
		ReleaseScriptingObjects (0ms)
		CreateAndSetChildDomain (66ms)
	RebuildCommonClasses (76ms)
	RebuildNativeTypeToScriptingClass (22ms)
	initialDomainReloadingComplete (63ms)
	LoadAllAssembliesAndSetupDomain (585ms)
		LoadAssemblies (433ms)
		RebuildTransferFunctionScriptingTraits (0ms)
		AnalyzeDomain (316ms)
			TypeCache.Refresh (307ms)
				TypeCache.ScanAssembly (292ms)
			ScanForSourceGeneratedMonoScriptInfo (5ms)
			ResolveRequiredComponents (4ms)
	FinalizeReload (1054ms)
		ReleaseScriptCaches (0ms)
		RebuildScriptCaches (0ms)
		SetupLoadedEditorAssemblies (527ms)
			LogAssemblyErrors (0ms)
			InitializePlatformSupportModulesInManaged (15ms)
			SetLoadedEditorAssemblies (6ms)
			RefreshPlugins (0ms)
			BeforeProcessingInitializeOnLoad (99ms)
			ProcessInitializeOnLoadAttributes (306ms)
			ProcessInitializeOnLoadMethodAttributes (85ms)
			AfterProcessingInitializeOnLoad (16ms)
			EditorAssembliesLoaded (0ms)
		ExecutionOrderSort2 (0ms)
		AwakeInstancesAfterBackupRestoration (15ms)
Refreshing native plugins compatible for Editor in 1.53 ms, found 0 plugins.
Preloading 0 native plugins for Editor in 0.00 ms.
Unloading 1143 Unused Serialized files (Serialized files now loaded: 0)
Unloading 45 unused Assets / (3.4 MB). Loaded Objects now: 1665.
Memory consumption went from 87.7 MB to 84.3 MB.
Total: 6.075200 ms (FindLiveObjects: 0.192500 ms CreateObjectMapping: 0.061800 ms MarkObjects: 4.349100 ms  DeleteObjects: 1.470500 ms)

Prepare: number of updated asset objects reloaded= 35
AssetImportParameters requested are different than current active one (requested -> active):
  custom:video-encoder-webm-vp8: eb34c28f22e8b96e1ab97ce403110664 -> 
  custom:video-decoder-webm-vp8: 9c59270c3fd7afecdb556c50c9e8de78 -> 
  custom:audio-decoder-ogg-vorbis: bf7c407c2cedff20999df2af8eb42d56 -> 
  custom:container-demuxer-ogg: 62fdf1f143b41e24485cea50d1cbac27 -> 
  custom:AudioImporter_EditorPlatform: d09bf68614088b80899f8185d706f6e7 -> 
  custom:CustomObjectIndexerAttribute: 756ad292c208cfabdd7b50bc23989ffe -> 
  custom:container-demuxer-webm: 4f35f7cbe854078d1ac9338744f61a02 -> 
  custom:video-decoder-ogg-theora: a1e56fd34408186e4bbccfd4996cb3dc -> 
  custom:audio-encoder-webm-vorbis: bf7c407c2cedff20999df2af8eb42d56 -> 
  custom:framework-win-MediaFoundation: 216162199b28c13a410421893ffa2e32 -> 
  custom:container-muxer-webm: aa71ff27fc2769a1b78a27578f13a17b -> 
========================================================================
Received Import Request.
  Time since last request: 2533.888216 seconds.
  path: Assets/_Scenes/TempleScene_Profiles
  artifactKey: Guid(1b70b4cc4835ec2498d50aa9267772db) Importer(815301076,1909f56bfc062723c751e8b465ee728b)
Start importing Assets/_Scenes/TempleScene_Profiles using Guid(1b70b4cc4835ec2498d50aa9267772db) Importer(815301076,1909f56bfc062723c751e8b465ee728b)  -> (artifact id: '44ac80a36ade777699e2c716b56d7135') in 0.010332 seconds
Number of updated asset objects reloaded before import = 0
Number of asset objects unloaded after import = 0
========================================================================
Received Import Request.
  Time since last request: 8.767226 seconds.
  path: Assets/Fantasy Skybox FREE/Cubemaps
  artifactKey: Guid(b40198e48fec1db4ba2bdbb96a9e1e9b) Importer(815301076,1909f56bfc062723c751e8b465ee728b)
Start importing Assets/Fantasy Skybox FREE/Cubemaps using Guid(b40198e48fec1db4ba2bdbb96a9e1e9b) Importer(815301076,1909f56bfc062723c751e8b465ee728b)  -> (artifact id: '41b569d0a81ef548c933eb10b4baccfe') in 0.001038 seconds
Number of updated asset objects reloaded before import = 0
Number of asset objects unloaded after import = 0
========================================================================
Received Import Request.
  Time since last request: 0.903666 seconds.
  path: Assets/Fantasy Skybox FREE/Cubemaps/FS003
  artifactKey: Guid(9f00fc5df5afd114681788f8867341b2) Importer(815301076,1909f56bfc062723c751e8b465ee728b)
Start importing Assets/Fantasy Skybox FREE/Cubemaps/FS003 using Guid(9f00fc5df5afd114681788f8867341b2) Importer(815301076,1909f56bfc062723c751e8b465ee728b)  -> (artifact id: 'a438e40869d6c2077840825e448338d4') in 0.001099 seconds
Number of updated asset objects reloaded before import = 0
Number of asset objects unloaded after import = 0
========================================================================
Received Import Request.
  Time since last request: 413.210566 seconds.
  path: Assets/_Scenes/TempleScene_Profiles/Main Camera Profile.asset
  artifactKey: Guid(53e25008ec4431d4f9f518c844456982) Importer(815301076,1909f56bfc062723c751e8b465ee728b)
Start importing Assets/_Scenes/TempleScene_Profiles/Main Camera Profile.asset using Guid(53e25008ec4431d4f9f518c844456982) Importer(815301076,1909f56bfc062723c751e8b465ee728b)  -> (artifact id: '7a343c9ddf7acdeefde1adee823903ec') in 0.050088 seconds
Number of updated asset objects reloaded before import = 0
Number of asset objects unloaded after import = 2
========================================================================
Received Import Request.
  Time since last request: 92.593217 seconds.
  path: ProjectSettings/TagManager.asset
  artifactKey: Guid(00000000000000003000000000000000) Importer(815301076,1909f56bfc062723c751e8b465ee728b)
Start importing ProjectSettings/TagManager.asset using Guid(00000000000000003000000000000000) Importer(815301076,1909f56bfc062723c751e8b465ee728b)  -> (artifact id: '97ea02f564ba6a276ec032d720829234') in 0.001844 seconds
Number of updated asset objects reloaded before import = 0
Number of asset objects unloaded after import = 0
